#
# A fatal error has been detected by the Java Runtime Environment:
#
#  SIGSEGV (0xb) at pc=0x00000001045375a0, pid=25795, tid=18691
#
# JRE version: Java(TM) SE Runtime Environment (7.0_67-b01) (build 1.7.0_67-b01)
# Java VM: Java HotSpot(TM) 64-Bit Server VM (24.65-b04 mixed mode bsd-amd64 compressed oops)
# Problematic frame:
# V  [libjvm.dylib+0x3375a0]
#
# Failed to write core dump. Core dumps have been disabled. To enable core dumping, try "ulimit -c unlimited" before starting Java again
#
# If you would like to submit a bug report, please visit:
#   http://bugreport.sun.com/bugreport/crash.jsp
#

---------------  T H R E A D  ---------------

Current thread (0x00007fb1cc809000):  JavaThread "JDWP Transport Listener: dt_socket" daemon [_thread_in_vm, id=18691, stack(0x0000000115953000,0x0000000115a53000)]

siginfo:si_signo=SIGSEGV: si_errno=0, si_code=0 (SEGV0), si_addr=0x0000000000000000

Registers:
RAX=0x0000000000000001, RBX=0x0000000115a52a8b, RCX=0x00000000000fc080, RDX=0x0000000115a52a8b
RSP=0x0000000115a529f0, RBP=0x0000000115a52a40, RSI=0x00007fb1cc809000, RDI=0x00007fb1c851f1f0
R8 =0x0000000000000000, R9 =0x00007fb1c8500000, R10=0x0000000000000010, R11=0x00007fb1c8500000
R12=0x00007fb1cc809000, R13=0x6000000000000000, R14=0x6000000000000000, R15=0x00007fb1c851f1f0
RIP=0x00000001045375a0, EFLAGS=0x0000000000010206, ERR=0x0000000000000000
  TRAPNO=0x000000000000000d

Top of Stack: (sp=0x0000000115a529f0)
0x0000000115a529f0:   00007fb1cc809000 0000000000000000
0x0000000115a52a00:   0000000000000000 0000000000000000
0x0000000115a52a10:   00007fb1cc809000 00007fb1cc809000
0x0000000115a52a20:   0000000115a52a8b 0000000115a52a90
0x0000000115a52a30:   6000000000000000 0000000000000005
0x0000000115a52a40:   0000000115a52a60 00000001031a71a8
0x0000000115a52a50:   0000000000000001 0000000115a52b08
0x0000000115a52a60:   0000000115a52ad0 000000010318bfbb
0x0000000115a52a70:   0000000115a52aa0 00007fb1c854f780
0x0000000115a52a80:   0000000700000032 0000000a00a52b08
0x0000000115a52a90:   0000000000000000 0000000000000000
0x0000000115a52aa0:   0000000000000000 0000000115a52c90
0x0000000115a52ab0:   00000001031aedc2 00007fb1c854f7f0
0x0000000115a52ac0:   0000000115a52b08 00000001031ba588
0x0000000115a52ad0:   0000000115a52ae0 000000010318c0b4
0x0000000115a52ae0:   0000000115a52d00 0000000103195642
0x0000000115a52af0:   00001ec900000013 00000000000f0200
0x0000000115a52b00:   00007fb1c854fa60 00007fb1c854fb37
0x0000000115a52b10:   00007fb100000211 00007fb1c854fad0
0x0000000115a52b20:   00007fb10000012c 0000000115a52b58
0x0000000115a52b30:   00007fb1c854fad0 00007f0000000000
0x0000000115a52b40:   00001ec90000000f 00007fff00001080
0x0000000115a52b50:   0000000115a52b58 b17f000007000000
0x0000000115a52b60:   0b000000209890ca 615474726f707865
0x0000000115a52b70:   282a000000656c62 71732f6176616a4c
0x0000000115a52b80:   63656e6e6f432f6c 616a4c3b6e6f6974
0x0000000115a52b90:   2f676e616c2f6176 293b676e69727453
0x0000000115a52ba0:   0000000000000056 f154c8b17f000009
0x0000000115a52bb0:   6c65640a000000b0 00656c6946657465
0x0000000115a52bc0:   76616a4c28150000 532f676e616c2f61
0x0000000115a52bd0:   56293b676e697274 0a00000000000000
0x0000000115a52be0:   189890cab17f0000 6e6e6f6307000000 

Instructions: (pc=0x00000001045375a0)
0x0000000104537580:   00 00 00 41 f6 87 68 01 00 00 10 75 07 b8 63 00
0x0000000104537590:   00 00 eb 7a 4d 85 f6 75 07 b8 17 00 00 00 eb 6e
0x00000001045375a0:   4d 8b 36 48 b8 fe fe fe fe fe fe fe fe 49 39 c6
0x00000001045375b0:   74 e7 4d 85 f6 74 e2 48 8d 05 62 4c 4d 00 80 38 

Register to memory mapping:

RAX=0x0000000000000001 is an unknown value
RBX=0x0000000115a52a8b is pointing into the stack for thread: 0x00007fb1cc809000
RCX=0x00000000000fc080 is an unknown value
RDX=0x0000000115a52a8b is pointing into the stack for thread: 0x00007fb1cc809000
RSP=0x0000000115a529f0 is pointing into the stack for thread: 0x00007fb1cc809000
RBP=0x0000000115a52a40 is pointing into the stack for thread: 0x00007fb1cc809000
RSI=0x00007fb1cc809000 is a thread
RDI=0x00007fb1c851f1f0 is an unknown value
R8 =0x0000000000000000 is an unknown value
R9 =0x00007fb1c8500000 is an unknown value
R10=0x0000000000000010 is an unknown value
R11=0x00007fb1c8500000 is an unknown value
R12=0x00007fb1cc809000 is a thread
R13=0x6000000000000000 is an unknown value
R14=0x6000000000000000 is an unknown value
R15=0x00007fb1c851f1f0 is an unknown value


Stack: [0x0000000115953000,0x0000000115a53000],  sp=0x0000000115a529f0,  free space=1022k
Native frames: (J=compiled Java code, j=interpreted, Vv=VM code, C=native code)
V  [libjvm.dylib+0x3375a0]
C  [libjdwp.dylib+0x201a8]  isMethodSynthetic+0x63
C  [libjdwp.dylib+0x4fbb]  methods1+0x10b
C  [libjdwp.dylib+0x50b4]  methodsWithGeneric+0xe
C  [libjdwp.dylib+0xe642]  debugLoop_run+0x1ce
C  [libjdwp.dylib+0x1f0e2]  attachThread+0x4d
V  [libjvm.dylib+0x3781c2]
V  [libjvm.dylib+0x4f5855]
V  [libjvm.dylib+0x4f6f5d]
V  [libjvm.dylib+0x420772]
C  [libsystem_pthread.dylib+0x32fc]  _pthread_body+0x83
C  [libsystem_pthread.dylib+0x3279]  _pthread_body+0x0
C  [libsystem_pthread.dylib+0x14b1]  thread_start+0xd


---------------  P R O C E S S  ---------------

Java Threads: ( => current thread )
  0x00007fb1c8808800 JavaThread "Abandoned connection cleanup thread" daemon [_thread_blocked, id=22275, stack(0x0000000116210000,0x0000000116310000)]
  0x00007fb1c9016000 JavaThread "Service Thread" daemon [_thread_blocked, id=21251, stack(0x0000000115e62000,0x0000000115f62000)]
  0x00007fb1cb810000 JavaThread "C2 CompilerThread1" daemon [_thread_blocked, id=20739, stack(0x0000000115d5f000,0x0000000115e5f000)]
  0x00007fb1cb80f800 JavaThread "C2 CompilerThread0" daemon [_thread_blocked, id=20227, stack(0x0000000115c5c000,0x0000000115d5c000)]
  0x00007fb1cc80a800 JavaThread "JDWP Command Reader" daemon [_thread_in_native, id=19715, stack(0x0000000115b59000,0x0000000115c59000)]
  0x00007fb1cc809800 JavaThread "JDWP Event Helper Thread" daemon [_thread_blocked, id=19203, stack(0x0000000115a56000,0x0000000115b56000)]
=>0x00007fb1cc809000 JavaThread "JDWP Transport Listener: dt_socket" daemon [_thread_in_vm, id=18691, stack(0x0000000115953000,0x0000000115a53000)]
  0x00007fb1cb807000 JavaThread "Signal Dispatcher" daemon [_thread_blocked, id=14859, stack(0x000000011584a000,0x000000011594a000)]
  0x00007fb1c8807800 JavaThread "Finalizer" daemon [_thread_blocked, id=13571, stack(0x0000000113f09000,0x0000000114009000)]
  0x00007fb1c8807000 JavaThread "Reference Handler" daemon [_thread_blocked, id=13059, stack(0x0000000113e06000,0x0000000113f06000)]
  0x00007fb1cb002800 JavaThread "main" [_thread_blocked, id=4867, stack(0x0000000103047000,0x0000000103147000)]

Other Threads:
  0x00007fb1cb04c000 VMThread [stack: 0x0000000113d03000,0x0000000113e03000] [id=12547]
  0x00007fb1c901e800 WatcherThread [stack: 0x0000000115f65000,0x0000000116065000] [id=21763]

VM state:not at safepoint (normal execution)

VM Mutex/Monitor currently owned by a thread: None

Heap
 PSYoungGen      total 76800K, used 10720K [0x00000007aaa80000, 0x00000007b0000000, 0x0000000800000000)
  eden space 66048K, 16% used [0x00000007aaa80000,0x00000007ab4f81d0,0x00000007aeb00000)
  from space 10752K, 0% used [0x00000007af580000,0x00000007af580000,0x00000007b0000000)
  to   space 10752K, 0% used [0x00000007aeb00000,0x00000007aeb00000,0x00000007af580000)
 ParOldGen       total 174592K, used 0K [0x0000000700000000, 0x000000070aa80000, 0x00000007aaa80000)
  object space 174592K, 0% used [0x0000000700000000,0x0000000700000000,0x000000070aa80000)
 PSPermGen       total 21504K, used 6196K [0x00000006fae00000, 0x00000006fc300000, 0x0000000700000000)
  object space 21504K, 28% used [0x00000006fae00000,0x00000006fb40d208,0x00000006fc300000)

Card table byte_map: [0x0000000107d1f000,0x0000000108549000] byte_map_base: 0x0000000104548000

Polling page: 0x0000000103186000

Code Cache  [0x0000000104c5f000, 0x0000000104ecf000, 0x0000000107c5f000)
 total_blobs=286 nmethods=22 adapters=227 free_code_cache=48664Kb largest_free_block=49817664

Compilation events (10 events):
Event: 0.280 Thread 0x00007fb1cb810000 nmethod 18% 0x0000000104cc96d0 code [0x0000000104cc98a0, 0x0000000104cca3a8]
Event: 0.280 Thread 0x00007fb1cb810000   19             java.lang.String::length (6 bytes)
Event: 0.281 Thread 0x00007fb1cb810000 nmethod 19 0x0000000104cd66d0 code [0x0000000104cd6820, 0x0000000104cd68b8]
Event: 0.290 Thread 0x00007fb1cb80f800 nmethod 17 0x0000000104cd17d0 code [0x0000000104cd19c0, 0x0000000104cd2fc0]
Event: 0.302 Thread 0x00007fb1cb810000   20 %           com.mysql.jdbc.SingleByteCharsetConverter::<clinit> @ 58 (80 bytes)
Event: 0.305 Thread 0x00007fb1cb810000 nmethod 20% 0x0000000104cda7d0 code [0x0000000104cda940, 0x0000000104cdaad8]
Event: 0.326 Thread 0x00007fb1cb80f800   21             java.lang.String::replace (127 bytes)
Event: 0.334 Thread 0x00007fb1cb80f800 nmethod 21 0x0000000104cd7410 code [0x0000000104cd7580, 0x0000000104cd7a98]
Event: 0.362 Thread 0x00007fb1cb810000   22             java.util.TreeMap::parentOf (13 bytes)
Event: 0.362 Thread 0x00007fb1cb810000 nmethod 22 0x0000000104cd6c10 code [0x0000000104cd6d40, 0x0000000104cd6d98]

GC Heap History (0 events):
No events

Deoptimization events (4 events):
Event: 0.262 Thread 0x00007fb1cb002800 Uncommon trap: reason=class_check action=maybe_recompile pc=0x0000000104cc4fac method=java.util.Properties$LineReader.readLine()I @ 62
Event: 0.263 Thread 0x00007fb1cb002800 Uncommon trap: reason=class_check action=maybe_recompile pc=0x0000000104cc4fac method=java.util.Properties$LineReader.readLine()I @ 62
Event: 0.263 Thread 0x00007fb1cb002800 Uncommon trap: reason=class_check action=maybe_recompile pc=0x0000000104cc4fac method=java.util.Properties$LineReader.readLine()I @ 62
Event: 0.263 Thread 0x00007fb1cb002800 Uncommon trap: reason=class_check action=maybe_recompile pc=0x0000000104cc4fac method=java.util.Properties$LineReader.readLine()I @ 62

Internal exceptions (10 events):
Event: 0.336 Thread 0x00007fb1cb002800 Threw 0x00000007ab3320e8 at /HUDSON/workspace/7u-2-build-macosx-x86_64/jdk7u67/1368/hotspot/src/share/vm/prims/jvm.cpp:1244
Event: 0.337 Thread 0x00007fb1cb002800 Threw 0x00000007ab338608 at /HUDSON/workspace/7u-2-build-macosx-x86_64/jdk7u67/1368/hotspot/src/share/vm/prims/jvm.cpp:1244
Event: 0.337 Thread 0x00007fb1cb002800 Threw 0x00000007ab33dc40 at /HUDSON/workspace/7u-2-build-macosx-x86_64/jdk7u67/1368/hotspot/src/share/vm/prims/jvm.cpp:1244
Event: 0.337 Thread 0x00007fb1cb002800 Threw 0x00000007ab343860 at /HUDSON/workspace/7u-2-build-macosx-x86_64/jdk7u67/1368/hotspot/src/share/vm/prims/jvm.cpp:1244
Event: 0.338 Thread 0x00007fb1cb002800 Threw 0x00000007ab348bc8 at /HUDSON/workspace/7u-2-build-macosx-x86_64/jdk7u67/1368/hotspot/src/share/vm/prims/jvm.cpp:1244
Event: 0.339 Thread 0x00007fb1cb002800 Threw 0x00000007ab34e510 at /HUDSON/workspace/7u-2-build-macosx-x86_64/jdk7u67/1368/hotspot/src/share/vm/prims/jvm.cpp:1244
Event: 0.350 Thread 0x00007fb1cb002800 Threw 0x00000007ab385e38 at /HUDSON/workspace/7u-2-build-macosx-x86_64/jdk7u67/1368/hotspot/src/share/vm/prims/jvm.cpp:1244
Event: 0.352 Thread 0x00007fb1cb002800 Threw 0x00000007ab39d930 at /HUDSON/workspace/7u-2-build-macosx-x86_64/jdk7u67/1368/hotspot/src/share/vm/prims/jvm.cpp:1244
Event: 0.352 Thread 0x00007fb1cb002800 Threw 0x00000007ab3a3e28 at /HUDSON/workspace/7u-2-build-macosx-x86_64/jdk7u67/1368/hotspot/src/share/vm/prims/jvm.cpp:1244
Event: 15.560 Thread 0x00007fb1cb002800 Threw 0x00000007ab3df4b8 at /HUDSON/workspace/7u-2-build-macosx-x86_64/jdk7u67/1368/hotspot/src/share/vm/prims/jvm.cpp:1244

Events (10 events):
Event: 6417.146 Executing VM operation: ChangeBreakpoints
Event: 6417.146 Executing VM operation: ChangeBreakpoints done
Event: 6550.177 Executing VM operation: ChangeBreakpoints
Event: 6550.177 Executing VM operation: ChangeBreakpoints done
Event: 6550.243 Executing VM operation: ChangeBreakpoints
Event: 6550.243 Executing VM operation: ChangeBreakpoints done
Event: 7672.406 Executing VM operation: ChangeBreakpoints
Event: 7672.406 Executing VM operation: ChangeBreakpoints done
Event: 7672.407 Executing VM operation: RedefineClasses
Event: 7672.407 Executing VM operation: RedefineClasses done


Dynamic libraries:
0x000000000514a000 	/System/Library/Frameworks/Cocoa.framework/Versions/A/Cocoa
0x000000000514a000 	/System/Library/Frameworks/Security.framework/Versions/A/Security
0x000000000514a000 	/System/Library/Frameworks/ApplicationServices.framework/Versions/A/ApplicationServices
0x000000000514a000 	/usr/lib/libz.1.dylib
0x000000000514a000 	/usr/lib/libSystem.B.dylib
0x000000000514a000 	/usr/lib/libobjc.A.dylib
0x000000000514a000 	/System/Library/Frameworks/CoreFoundation.framework/Versions/A/CoreFoundation
0x000000000514a000 	/System/Library/Frameworks/Foundation.framework/Versions/C/Foundation
0x000000000514a000 	/System/Library/Frameworks/AppKit.framework/Versions/C/AppKit
0x000000000514a000 	/System/Library/Frameworks/CoreData.framework/Versions/A/CoreData
0x000000000514a000 	/System/Library/PrivateFrameworks/RemoteViewServices.framework/Versions/A/RemoteViewServices
0x000000000514a000 	/System/Library/PrivateFrameworks/UIFoundation.framework/Versions/A/UIFoundation
0x000000000514a000 	/System/Library/Frameworks/IOSurface.framework/Versions/A/IOSurface
0x000000000514a000 	/System/Library/Frameworks/AudioToolbox.framework/Versions/A/AudioToolbox
0x000000000514a000 	/System/Library/Frameworks/AudioUnit.framework/Versions/A/AudioUnit
0x000000000514a000 	/System/Library/PrivateFrameworks/DataDetectorsCore.framework/Versions/A/DataDetectorsCore
0x000000000514a000 	/System/Library/PrivateFrameworks/DesktopServicesPriv.framework/Versions/A/DesktopServicesPriv
0x000000000514a000 	/System/Library/Frameworks/Carbon.framework/Versions/A/Frameworks/HIToolbox.framework/Versions/A/HIToolbox
0x000000000514a000 	/System/Library/Frameworks/QuartzCore.framework/Versions/A/QuartzCore
0x000000000514a000 	/System/Library/Frameworks/Carbon.framework/Versions/A/Frameworks/SpeechRecognition.framework/Versions/A/SpeechRecognition
0x000000000514a000 	/usr/lib/libauto.dylib
0x000000000514a000 	/usr/lib/libicucore.A.dylib
0x000000000514a000 	/usr/lib/libxml2.2.dylib
0x000000000514a000 	/System/Library/PrivateFrameworks/CoreUI.framework/Versions/A/CoreUI
0x000000000514a000 	/System/Library/Frameworks/CoreAudio.framework/Versions/A/CoreAudio
0x000000000514a000 	/System/Library/Frameworks/DiskArbitration.framework/Versions/A/DiskArbitration
0x000000000514a000 	/usr/lib/liblangid.dylib
0x000000000514a000 	/System/Library/PrivateFrameworks/MultitouchSupport.framework/Versions/A/MultitouchSupport
0x000000000514a000 	/System/Library/Frameworks/IOKit.framework/Versions/A/IOKit
0x000000000514a000 	/usr/lib/libDiagnosticMessagesClient.dylib
0x000000000514a000 	/System/Library/Frameworks/CoreServices.framework/Versions/A/CoreServices
0x000000000514a000 	/System/Library/PrivateFrameworks/PerformanceAnalysis.framework/Versions/A/PerformanceAnalysis
0x000000000514a000 	/System/Library/PrivateFrameworks/GenerationalStorage.framework/Versions/A/GenerationalStorage
0x000000000514a000 	/System/Library/Frameworks/OpenGL.framework/Versions/A/OpenGL
0x000000000514a000 	/System/Library/PrivateFrameworks/Sharing.framework/Versions/A/Sharing
0x000000000514a000 	/System/Library/Frameworks/CoreGraphics.framework/Versions/A/CoreGraphics
0x000000000514a000 	/System/Library/Frameworks/CoreText.framework/Versions/A/CoreText
0x000000000514a000 	/System/Library/Frameworks/ImageIO.framework/Versions/A/ImageIO
0x000000000514a000 	/usr/lib/libextension.dylib
0x000000000514a000 	/System/Library/PrivateFrameworks/Backup.framework/Versions/A/Backup
0x000000000514a000 	/usr/lib/libarchive.2.dylib
0x000000000514a000 	/System/Library/Frameworks/CFNetwork.framework/Versions/A/CFNetwork
0x000000000514a000 	/System/Library/Frameworks/SystemConfiguration.framework/Versions/A/SystemConfiguration
0x000000000514a000 	/usr/lib/libCRFSuite.dylib
0x000000000514a000 	/usr/lib/libc++.1.dylib
0x000000000514a000 	/usr/lib/libc++abi.dylib
0x000000000514a000 	/usr/lib/system/libcache.dylib
0x000000000514a000 	/usr/lib/system/libcommonCrypto.dylib
0x000000000514a000 	/usr/lib/system/libcompiler_rt.dylib
0x000000000514a000 	/usr/lib/system/libcopyfile.dylib
0x000000000514a000 	/usr/lib/system/libcorecrypto.dylib
0x000000000514a000 	/usr/lib/system/libdispatch.dylib
0x000000000514a000 	/usr/lib/system/libdyld.dylib
0x000000000514a000 	/usr/lib/system/libkeymgr.dylib
0x000000000514a000 	/usr/lib/system/liblaunch.dylib
0x000000000514a000 	/usr/lib/system/libmacho.dylib
0x000000000514a000 	/usr/lib/system/libquarantine.dylib
0x000000000514a000 	/usr/lib/system/libremovefile.dylib
0x000000000514a000 	/usr/lib/system/libsystem_asl.dylib
0x000000000514a000 	/usr/lib/system/libsystem_blocks.dylib
0x000000000514a000 	/usr/lib/system/libsystem_c.dylib
0x000000000514a000 	/usr/lib/system/libsystem_configuration.dylib
0x000000000514a000 	/usr/lib/system/libsystem_coreservices.dylib
0x000000000514a000 	/usr/lib/system/libsystem_coretls.dylib
0x000000000514a000 	/usr/lib/system/libsystem_dnssd.dylib
0x000000000514a000 	/usr/lib/system/libsystem_info.dylib
0x000000000514a000 	/usr/lib/system/libsystem_kernel.dylib
0x000000000514a000 	/usr/lib/system/libsystem_m.dylib
0x000000000514a000 	/usr/lib/system/libsystem_malloc.dylib
0x000000000514a000 	/usr/lib/system/libsystem_network.dylib
0x000000000514a000 	/usr/lib/system/libsystem_networkextension.dylib
0x000000000514a000 	/usr/lib/system/libsystem_notify.dylib
0x000000000514a000 	/usr/lib/system/libsystem_platform.dylib
0x000000000514a000 	/usr/lib/system/libsystem_pthread.dylib
0x000000000514a000 	/usr/lib/system/libsystem_sandbox.dylib
0x000000000514a000 	/usr/lib/system/libsystem_secinit.dylib
0x000000000514a000 	/usr/lib/system/libsystem_stats.dylib
0x000000000514a000 	/usr/lib/system/libsystem_trace.dylib
0x000000000514a000 	/usr/lib/system/libunc.dylib
0x000000000514a000 	/usr/lib/system/libunwind.dylib
0x000000000514a000 	/usr/lib/system/libxpc.dylib
0x000000000514a000 	/usr/lib/libbz2.1.0.dylib
0x000000000514a000 	/usr/lib/liblzma.5.dylib
0x000000000514a000 	/usr/lib/libbsm.0.dylib
0x000000000514a000 	/usr/lib/libsqlite3.dylib
0x000000000514a000 	/usr/lib/system/libkxld.dylib
0x000000000514a000 	/usr/lib/libxar.1.dylib
0x000000000514a000 	/usr/lib/libpam.2.dylib
0x000000000514a000 	/usr/lib/libOpenScriptingUtil.dylib
0x000000000514a000 	/System/Library/Frameworks/CoreServices.framework/Versions/A/Frameworks/FSEvents.framework/Versions/A/FSEvents
0x000000000514a000 	/System/Library/Frameworks/CoreServices.framework/Versions/A/Frameworks/CarbonCore.framework/Versions/A/CarbonCore
0x000000000514a000 	/System/Library/Frameworks/CoreServices.framework/Versions/A/Frameworks/Metadata.framework/Versions/A/Metadata
0x000000000514a000 	/System/Library/Frameworks/CoreServices.framework/Versions/A/Frameworks/OSServices.framework/Versions/A/OSServices
0x000000000514a000 	/System/Library/Frameworks/CoreServices.framework/Versions/A/Frameworks/SearchKit.framework/Versions/A/SearchKit
0x000000000514a000 	/System/Library/Frameworks/CoreServices.framework/Versions/A/Frameworks/AE.framework/Versions/A/AE
0x000000000514a000 	/System/Library/Frameworks/CoreServices.framework/Versions/A/Frameworks/LaunchServices.framework/Versions/A/LaunchServices
0x000000000514a000 	/System/Library/Frameworks/CoreServices.framework/Versions/A/Frameworks/DictionaryServices.framework/Versions/A/DictionaryServices
0x000000000514a000 	/System/Library/Frameworks/NetFS.framework/Versions/A/NetFS
0x000000000514a000 	/System/Library/PrivateFrameworks/NetAuth.framework/Versions/A/NetAuth
0x000000000514a000 	/System/Library/PrivateFrameworks/login.framework/Versions/A/Frameworks/loginsupport.framework/Versions/A/loginsupport
0x000000000514a000 	/System/Library/PrivateFrameworks/TCC.framework/Versions/A/TCC
0x000000000514a000 	/usr/lib/libmecabra.dylib
0x000000000514a000 	/System/Library/PrivateFrameworks/LanguageModeling.framework/Versions/A/LanguageModeling
0x000000000514a000 	/usr/lib/libcmph.dylib
0x000000000514a000 	/usr/lib/libiconv.2.dylib
0x000000000514a000 	/System/Library/Frameworks/OpenDirectory.framework/Versions/A/Frameworks/CFOpenDirectory.framework/Versions/A/CFOpenDirectory
0x000000000514a000 	/System/Library/Frameworks/ServiceManagement.framework/Versions/A/ServiceManagement
0x000000000514a000 	/usr/lib/libxslt.1.dylib
0x000000000514a000 	/System/Library/Frameworks/Carbon.framework/Versions/A/Frameworks/Ink.framework/Versions/A/Ink
0x000000000514a000 	/System/Library/Frameworks/ApplicationServices.framework/Versions/A/Frameworks/ATS.framework/Versions/A/ATS
0x000000000514a000 	/System/Library/Frameworks/ApplicationServices.framework/Versions/A/Frameworks/ColorSync.framework/Versions/A/ColorSync
0x000000000514a000 	/System/Library/Frameworks/ApplicationServices.framework/Versions/A/Frameworks/HIServices.framework/Versions/A/HIServices
0x000000000514a000 	/System/Library/Frameworks/ApplicationServices.framework/Versions/A/Frameworks/LangAnalysis.framework/Versions/A/LangAnalysis
0x000000000514a000 	/System/Library/Frameworks/ApplicationServices.framework/Versions/A/Frameworks/PrintCore.framework/Versions/A/PrintCore
0x000000000514a000 	/System/Library/Frameworks/ApplicationServices.framework/Versions/A/Frameworks/QD.framework/Versions/A/QD
0x000000000514a000 	/System/Library/Frameworks/ApplicationServices.framework/Versions/A/Frameworks/SpeechSynthesis.framework/Versions/A/SpeechSynthesis
0x000000000514a000 	/System/Library/Frameworks/Accelerate.framework/Versions/A/Accelerate
0x000000000514a000 	/System/Library/Frameworks/Accelerate.framework/Versions/A/Frameworks/vImage.framework/Versions/A/vImage
0x000000000514a000 	/System/Library/Frameworks/Accelerate.framework/Versions/A/Frameworks/vecLib.framework/Versions/A/vecLib
0x000000000514a000 	/System/Library/Frameworks/Accelerate.framework/Versions/A/Frameworks/vecLib.framework/Versions/A/libvDSP.dylib
0x000000000514a000 	/System/Library/Frameworks/Accelerate.framework/Versions/A/Frameworks/vecLib.framework/Versions/A/libvMisc.dylib
0x000000000514a000 	/System/Library/Frameworks/Accelerate.framework/Versions/A/Frameworks/vecLib.framework/Versions/A/libLAPACK.dylib
0x000000000514a000 	/System/Library/Frameworks/Accelerate.framework/Versions/A/Frameworks/vecLib.framework/Versions/A/libBLAS.dylib
0x000000000514a000 	/System/Library/Frameworks/Accelerate.framework/Versions/A/Frameworks/vecLib.framework/Versions/A/libLinearAlgebra.dylib
0x000000000514a000 	/System/Library/Frameworks/ApplicationServices.framework/Versions/A/Frameworks/ATS.framework/Versions/A/Resources/libFontParser.dylib
0x000000000514a000 	/System/Library/Frameworks/ApplicationServices.framework/Versions/A/Frameworks/ATS.framework/Versions/A/Resources/libFontRegistry.dylib
0x000000000514a000 	/System/Library/PrivateFrameworks/AppleVPA.framework/Versions/A/AppleVPA
0x000000000514a000 	/System/Library/PrivateFrameworks/AppleJPEG.framework/Versions/A/AppleJPEG
0x000000000514a000 	/System/Library/Frameworks/ImageIO.framework/Versions/A/Resources/libJPEG.dylib
0x000000000514a000 	/System/Library/Frameworks/ImageIO.framework/Versions/A/Resources/libTIFF.dylib
0x000000000514a000 	/System/Library/Frameworks/ImageIO.framework/Versions/A/Resources/libPng.dylib
0x000000000514a000 	/System/Library/Frameworks/ImageIO.framework/Versions/A/Resources/libGIF.dylib
0x000000000514a000 	/System/Library/Frameworks/ImageIO.framework/Versions/A/Resources/libJP2.dylib
0x000000000514a000 	/System/Library/Frameworks/ImageIO.framework/Versions/A/Resources/libRadiance.dylib
0x000000000514a000 	/System/Library/Frameworks/CoreVideo.framework/Versions/A/CoreVideo
0x000000000514a000 	/System/Library/Frameworks/OpenGL.framework/Versions/A/Libraries/libGLU.dylib
0x000000000514a000 	/System/Library/Frameworks/OpenGL.framework/Versions/A/Libraries/libGFXShared.dylib
0x000000000514a000 	/System/Library/Frameworks/OpenGL.framework/Versions/A/Libraries/libGL.dylib
0x000000000514a000 	/System/Library/Frameworks/OpenGL.framework/Versions/A/Libraries/libGLImage.dylib
0x000000000514a000 	/System/Library/Frameworks/OpenGL.framework/Versions/A/Libraries/libCVMSPluginSupport.dylib
0x000000000514a000 	/System/Library/Frameworks/OpenGL.framework/Versions/A/Libraries/libCoreVMClient.dylib
0x000000000514a000 	/usr/lib/libcups.2.dylib
0x000000000514a000 	/System/Library/Frameworks/Kerberos.framework/Versions/A/Kerberos
0x000000000514a000 	/System/Library/Frameworks/GSS.framework/Versions/A/GSS
0x000000000514a000 	/usr/lib/libresolv.9.dylib
0x000000000514a000 	/System/Library/PrivateFrameworks/Heimdal.framework/Versions/A/Heimdal
0x000000000514a000 	/usr/lib/libheimdal-asn1.dylib
0x000000000514a000 	/System/Library/Frameworks/OpenDirectory.framework/Versions/A/OpenDirectory
0x000000000514a000 	/System/Library/PrivateFrameworks/CommonAuth.framework/Versions/A/CommonAuth
0x000000000514a000 	/System/Library/Frameworks/SecurityFoundation.framework/Versions/A/SecurityFoundation
0x000000000514a000 	/System/Library/Frameworks/QuartzCore.framework/Versions/A/Frameworks/CoreImage.framework/Versions/A/CoreImage
0x000000000514a000 	/System/Library/PrivateFrameworks/CrashReporterSupport.framework/Versions/A/CrashReporterSupport
0x000000000514a000 	/System/Library/Frameworks/OpenCL.framework/Versions/A/OpenCL
0x000000000514a000 	/System/Library/PrivateFrameworks/FaceCore.framework/Versions/A/FaceCore
0x000000000514a000 	/System/Library/PrivateFrameworks/Ubiquity.framework/Versions/A/Ubiquity
0x000000000514a000 	/System/Library/PrivateFrameworks/IconServices.framework/Versions/A/IconServices
0x000000000514a000 	/System/Library/PrivateFrameworks/ChunkingLibrary.framework/Versions/A/ChunkingLibrary
0x000000000514a000 	/System/Library/PrivateFrameworks/Apple80211.framework/Versions/A/Apple80211
0x000000000514a000 	/System/Library/Frameworks/CoreWLAN.framework/Versions/A/CoreWLAN
0x000000000514a000 	/System/Library/Frameworks/IOBluetooth.framework/Versions/A/IOBluetooth
0x000000000514a000 	/System/Library/PrivateFrameworks/CoreWiFi.framework/Versions/A/CoreWiFi
0x000000000514a000 	/System/Library/Frameworks/CoreBluetooth.framework/Versions/A/CoreBluetooth
0x000000000514a000 	/System/Library/PrivateFrameworks/DebugSymbols.framework/Versions/A/DebugSymbols
0x000000000514a000 	/System/Library/PrivateFrameworks/CoreSymbolication.framework/Versions/A/CoreSymbolication
0x000000000514a000 	/System/Library/PrivateFrameworks/Symbolication.framework/Versions/A/Symbolication
0x000000000514a000 	/System/Library/PrivateFrameworks/SpeechRecognitionCore.framework/Versions/A/SpeechRecognitionCore
0x0000000104200000 	/Library/Java/JavaVirtualMachines/jdk1.7.0_67.jdk/Contents/Home/jre/lib/server/libjvm.dylib
0x000000000514a000 	/usr/lib/libstdc++.6.dylib
0x0000000103149000 	/Library/Java/JavaVirtualMachines/jdk1.7.0_67.jdk/Contents/Home/jre/lib/libverify.dylib
0x0000000103156000 	/Library/Java/JavaVirtualMachines/jdk1.7.0_67.jdk/Contents/Home/jre/lib/libjava.dylib
0x0000000103187000 	/Library/Java/JavaVirtualMachines/jdk1.7.0_67.jdk/Contents/Home/jre/lib/libjdwp.dylib
0x00000001031c4000 	/Library/Java/JavaVirtualMachines/jdk1.7.0_67.jdk/Contents/Home/jre/lib/libnpt.dylib
0x00000001031d1000 	/Library/Java/JavaVirtualMachines/jdk1.7.0_67.jdk/Contents/Home/jre/lib/libzip.dylib
0x000000011400b000 	/System/Library/Frameworks/JavaVM.framework/Frameworks/JavaRuntimeSupport.framework/JavaRuntimeSupport
0x0000000114021000 	/System/Library/Frameworks/JavaVM.framework/Versions/A/Frameworks/JavaNativeFoundation.framework/Versions/A/JavaNativeFoundation
0x0000000114035000 	/System/Library/Frameworks/JavaVM.framework/Versions/A/JavaVM
0x000000000514a000 	/System/Library/Frameworks/Carbon.framework/Versions/A/Carbon
0x0000000114041000 	/System/Library/PrivateFrameworks/JavaLaunching.framework/Versions/A/JavaLaunching
0x000000000514a000 	/System/Library/Frameworks/Carbon.framework/Versions/A/Frameworks/CommonPanels.framework/Versions/A/CommonPanels
0x000000000514a000 	/System/Library/Frameworks/Carbon.framework/Versions/A/Frameworks/Help.framework/Versions/A/Help
0x000000000514a000 	/System/Library/Frameworks/Carbon.framework/Versions/A/Frameworks/ImageCapture.framework/Versions/A/ImageCapture
0x000000000514a000 	/System/Library/Frameworks/Carbon.framework/Versions/A/Frameworks/OpenScripting.framework/Versions/A/OpenScripting
0x000000000514a000 	/System/Library/Frameworks/Carbon.framework/Versions/A/Frameworks/Print.framework/Versions/A/Print
0x000000000514a000 	/System/Library/Frameworks/Carbon.framework/Versions/A/Frameworks/SecurityHI.framework/Versions/A/SecurityHI
0x000000011594c000 	/Library/Java/JavaVirtualMachines/jdk1.7.0_67.jdk/Contents/Home/jre/lib/libdt_socket.dylib
0x0000000116314000 	/Library/Java/JavaVirtualMachines/jdk1.7.0_67.jdk/Contents/Home/jre/lib/libnio.dylib
0x0000000116323000 	/Library/Java/JavaVirtualMachines/jdk1.7.0_67.jdk/Contents/Home/jre/lib/./libnet.dylib

VM Arguments:
jvm_args: -agentlib:jdwp=transport=dt_socket,address=127.0.0.1:55623,suspend=y,server=n -Dfile.encoding=UTF-8 
java_command: Main
Launcher Type: SUN_STANDARD

Environment Variables:
JAVA_HOME=/Library/Java/JavaVirtualMachines/jdk1.7.0_67.jdk/Contents/Home
PATH=/usr/local/bin:/usr/bin:/bin:/usr/sbin:/sbin:/opt/X11/bin:/usr/local/sbin:/Applications/apache-maven-3.2.3/bin
SHELL=/bin/bash
DISPLAY=/private/tmp/com.apple.launchd.Szb1ndCXGp/org.macosforge.xquartz:0

Signal Handlers:
SIGSEGV: [libjvm.dylib+0x52b6c9], sa_mask[0]=0xfffefeff, sa_flags=0x00000043
SIGBUS: [libjvm.dylib+0x52b6c9], sa_mask[0]=0xfffefeff, sa_flags=0x00000042
SIGFPE: [libjvm.dylib+0x41deaa], sa_mask[0]=0xfffefeff, sa_flags=0x00000042
SIGPIPE: [libjvm.dylib+0x41deaa], sa_mask[0]=0xfffefeff, sa_flags=0x00000042
SIGXFSZ: [libjvm.dylib+0x41deaa], sa_mask[0]=0xfffefeff, sa_flags=0x00000042
SIGILL: [libjvm.dylib+0x41deaa], sa_mask[0]=0xfffefeff, sa_flags=0x00000042
SIGUSR1: SIG_DFL, sa_mask[0]=0x00000000, sa_flags=0x00000000
SIGUSR2: [libjvm.dylib+0x41d99c], sa_mask[0]=0x00000004, sa_flags=0x00000042
SIGHUP: [libjvm.dylib+0x41bc2d], sa_mask[0]=0xfffefeff, sa_flags=0x00000042
SIGINT: [libjvm.dylib+0x41bc2d], sa_mask[0]=0xfffefeff, sa_flags=0x00000042
SIGTERM: [libjvm.dylib+0x41bc2d], sa_mask[0]=0xfffefeff, sa_flags=0x00000042
SIGQUIT: [libjvm.dylib+0x41bc2d], sa_mask[0]=0xfffefeff, sa_flags=0x00000042


---------------  S Y S T E M  ---------------

OS:Bsduname:Darwin 14.0.0 Darwin Kernel Version 14.0.0: Fri Sep 19 00:26:44 PDT 2014; root:xnu-2782.1.97~2/RELEASE_X86_64 x86_64
rlimit: STACK 8192k, CORE 0k, NPROC 709, NOFILE 10240, AS infinity
load average:2.55 3.21 3.58

CPU:total 8 (4 cores per cpu, 2 threads per core) family 6 model 70 stepping 1, cmov, cx8, fxsr, mmx, sse, sse2, sse3, ssse3, sse4.1, sse4.2, popcnt, avx, avx2, aes, erms, ht, tsc, tscinvbit

Memory: 4k page, physical 16777216k(4194304k free)

/proc/meminfo:


vm_info: Java HotSpot(TM) 64-Bit Server VM (24.65-b04) for bsd-amd64 JRE (1.7.0_67-b01), built on Jul 25 2014 08:51:51 by "java_re" with gcc 4.2.1 (Based on Apple Inc. build 5658) (LLVM build 2336.11.00)

time: Tue Apr 21 13:35:03 2015
elapsed time: 7672 seconds

