#
# A fatal error has been detected by the Java Runtime Environment:
#
#  SIGSEGV (0xb) at pc=0x00000001091375a0, pid=25843, tid=18691
#
# JRE version: Java(TM) SE Runtime Environment (7.0_67-b01) (build 1.7.0_67-b01)
# Java VM: Java HotSpot(TM) 64-Bit Server VM (24.65-b04 mixed mode bsd-amd64 compressed oops)
# Problematic frame:
# V  [libjvm.dylib+0x3375a0]  jvmti_IsMethodSynthetic+0xb9
#
# Failed to write core dump. Core dumps have been disabled. To enable core dumping, try "ulimit -c unlimited" before starting Java again
#
# If you would like to submit a bug report, please visit:
#   http://bugreport.sun.com/bugreport/crash.jsp
#

---------------  T H R E A D  ---------------

Current thread (0x00007fad2d800000):  JavaThread "JDWP Transport Listener: dt_socket" daemon [_thread_in_vm, id=18691, stack(0x000000011a69d000,0x000000011a79d000)]

siginfo:si_signo=SIGSEGV: si_errno=0, si_code=0 (SEGV0), si_addr=0x0000000000000000

Registers:
RAX=0x0000000000000001, RBX=0x000000011a79ca8b, RCX=0x00000000000fc080, RDX=0x000000011a79ca8b
RSP=0x000000011a79c9f0, RBP=0x000000011a79ca40, RSI=0x00007fad2d800000, RDI=0x00007fad2941eff0
R8 =0x0000000000000000, R9 =0x00007fad2b200000, R10=0x0000000000000010, R11=0x00007fad2b200000
R12=0x00007fad2d800000, R13=0x000307fad2b21da9, R14=0x000307fad2b21da9, R15=0x00007fad2941eff0
RIP=0x00000001091375a0, EFLAGS=0x0000000000010206, ERR=0x0000000000000000
  TRAPNO=0x000000000000000d

Top of Stack: (sp=0x000000011a79c9f0)
0x000000011a79c9f0:   00007fad2d800000 0000000000000000
0x000000011a79ca00:   0000000000000000 0000000000000000
0x000000011a79ca10:   00007fad2d800000 00007fad2d800000
0x000000011a79ca20:   000000011a79ca8b 000000011a79ca90
0x000000011a79ca30:   000307fad2b21da9 0000000000000005
0x000000011a79ca40:   000000011a79ca60 00000001099821a8
0x000000011a79ca50:   0000000000000001 000000011a79cb08
0x000000011a79ca60:   000000011a79cad0 0000000109966fbb
0x000000011a79ca70:   000000011a79caa0 00007fad2b21ef30
0x000000011a79ca80:   0000000600000032 0000000a0079cb08
0x000000011a79ca90:   0000000000000000 0000000000000000
0x000000011a79caa0:   0000000000000000 000000011a79cc90
0x000000011a79cab0:   0000000109989dc2 00007fad29505540
0x000000011a79cac0:   000000011a79cb08 0000000109995588
0x000000011a79cad0:   000000011a79cae0 00000001099670b4
0x000000011a79cae0:   000000011a79cd00 0000000109970642
0x000000011a79caf0:   000015dc00000013 00000000000f0200
0x000000011a79cb00:   00007fad29505480 00007fad2b21f236
0x000000011a79cb10:   00007fad000001f2 00007fad2b21f430
0x000000011a79cb20:   00007fad0000012c 000000011a79cb58
0x000000011a79cb30:   00007fad2b21f430 00007f0000000000
0x000000011a79cb40:   000015dc0000000f 00007fff00001080
0x000000011a79cb50:   000000011a79cb58 ad7f000006000000
0x000000011a79cb60:   0b000000f0f9302b 615474726f707865
0x000000011a79cb70:   284e000000656c62 71732f6176616a4c
0x000000011a79cb80:   63656e6e6f432f6c 616a4c3b6e6f6974
0x000000011a79cb90:   2f676e616c2f6176 4c3b676e69727453
0x000000011a79cba0:   6e616c2f6176616a 676e697274532f67
0x000000011a79cbb0:   6c2f6176616a4c3b 697274532f676e61
0x000000011a79cbc0:   00000056293b676e 7f00000900000000
0x000000011a79cbd0:   000000d8f9302bad 0000006e69616d04
0x000000011a79cbe0:   6176616a4c5b2816 74532f676e616c2f 

Instructions: (pc=0x00000001091375a0)
0x0000000109137580:   00 00 00 41 f6 87 68 01 00 00 10 75 07 b8 63 00
0x0000000109137590:   00 00 eb 7a 4d 85 f6 75 07 b8 17 00 00 00 eb 6e
0x00000001091375a0:   4d 8b 36 48 b8 fe fe fe fe fe fe fe fe 49 39 c6
0x00000001091375b0:   74 e7 4d 85 f6 74 e2 48 8d 05 62 4c 4d 00 80 38 

Register to memory mapping:

RAX=0x0000000000000001 is an unknown value
RBX=0x000000011a79ca8b is pointing into the stack for thread: 0x00007fad2d800000
RCX=0x00000000000fc080 is an unknown value
RDX=0x000000011a79ca8b is pointing into the stack for thread: 0x00007fad2d800000
RSP=0x000000011a79c9f0 is pointing into the stack for thread: 0x00007fad2d800000
RBP=0x000000011a79ca40 is pointing into the stack for thread: 0x00007fad2d800000
RSI=0x00007fad2d800000 is a thread
RDI=0x00007fad2941eff0 is an unknown value
R8 =0x0000000000000000 is an unknown value
R9 =0x00007fad2b200000 is an unknown value
R10=0x0000000000000010 is an unknown value
R11=0x00007fad2b200000 is an unknown value
R12=0x00007fad2d800000 is a thread
R13=0x000307fad2b21da9 is an unknown value
R14=0x000307fad2b21da9 is an unknown value
R15=0x00007fad2941eff0 is an unknown value


Stack: [0x000000011a69d000,0x000000011a79d000],  sp=0x000000011a79c9f0,  free space=1022k
Native frames: (J=compiled Java code, j=interpreted, Vv=VM code, C=native code)
V  [libjvm.dylib+0x3375a0]  jvmti_IsMethodSynthetic+0xb9
C  [libjdwp.dylib+0x201a8]  isMethodSynthetic+0x63
C  [libjdwp.dylib+0x4fbb]  methods1+0x10b
C  [libjdwp.dylib+0x50b4]  methodsWithGeneric+0xe
C  [libjdwp.dylib+0xe642]  debugLoop_run+0x1ce
C  [libjdwp.dylib+0x1f0e2]  attachThread+0x4d
V  [libjvm.dylib+0x3781c2]  JvmtiAgentThread::call_start_function()+0x38
V  [libjvm.dylib+0x4f5855]  JavaThread::thread_main_inner()+0x9b
V  [libjvm.dylib+0x4f6f5d]  JavaThread::run()+0x1a3
V  [libjvm.dylib+0x420772]  java_start(Thread*)+0x126
C  [libsystem_pthread.dylib+0x32fc]  _pthread_body+0x83
C  [libsystem_pthread.dylib+0x3279]  _pthread_body+0x0
C  [libsystem_pthread.dylib+0x14b1]  thread_start+0xd


---------------  P R O C E S S  ---------------

Java Threads: ( => current thread )
  0x00007fad2a807000 JavaThread "Abandoned connection cleanup thread" daemon [_thread_blocked, id=22275, stack(0x000000011af57000,0x000000011b057000)]
  0x00007fad2b845000 JavaThread "Service Thread" daemon [_thread_blocked, id=21251, stack(0x000000011abac000,0x000000011acac000)]
  0x00007fad2a801000 JavaThread "C2 CompilerThread1" daemon [_thread_blocked, id=20739, stack(0x000000011aaa9000,0x000000011aba9000)]
  0x00007fad2d004000 JavaThread "C2 CompilerThread0" daemon [_thread_blocked, id=20227, stack(0x000000011a9a6000,0x000000011aaa6000)]
  0x00007fad2c01a800 JavaThread "JDWP Command Reader" daemon [_thread_in_native, id=19715, stack(0x000000011a8a3000,0x000000011a9a3000)]
  0x00007fad2d801000 JavaThread "JDWP Event Helper Thread" daemon [_thread_blocked, id=19203, stack(0x000000011a7a0000,0x000000011a8a0000)]
=>0x00007fad2d800000 JavaThread "JDWP Transport Listener: dt_socket" daemon [_thread_in_vm, id=18691, stack(0x000000011a69d000,0x000000011a79d000)]
  0x00007fad29821800 JavaThread "Signal Dispatcher" daemon [_thread_blocked, id=15383, stack(0x000000011a594000,0x000000011a694000)]
  0x00007fad2b835800 JavaThread "Finalizer" daemon [_thread_blocked, id=13571, stack(0x0000000118c69000,0x0000000118d69000)]
  0x00007fad2b835000 JavaThread "Reference Handler" daemon [_thread_blocked, id=13059, stack(0x0000000118b66000,0x0000000118c66000)]
  0x00007fad2a802000 JavaThread "main" [_thread_blocked, id=4867, stack(0x0000000109860000,0x0000000109960000)]

Other Threads:
  0x00007fad2c00c800 VMThread [stack: 0x0000000118a63000,0x0000000118b63000] [id=12547]
  0x00007fad2b844800 WatcherThread [stack: 0x000000011acaf000,0x000000011adaf000] [id=21763]

VM state:not at safepoint (normal execution)

VM Mutex/Monitor currently owned by a thread: None

Heap
 PSYoungGen      total 76800K, used 10720K [0x00000007aaa80000, 0x00000007b0000000, 0x0000000800000000)
  eden space 66048K, 16% used [0x00000007aaa80000,0x00000007ab4f81c0,0x00000007aeb00000)
  from space 10752K, 0% used [0x00000007af580000,0x00000007af580000,0x00000007b0000000)
  to   space 10752K, 0% used [0x00000007aeb00000,0x00000007aeb00000,0x00000007af580000)
 ParOldGen       total 174592K, used 0K [0x0000000700000000, 0x000000070aa80000, 0x00000007aaa80000)
  object space 174592K, 0% used [0x0000000700000000,0x0000000700000000,0x000000070aa80000)
 PSPermGen       total 21504K, used 6320K [0x00000006fae00000, 0x00000006fc300000, 0x0000000700000000)
  object space 21504K, 29% used [0x00000006fae00000,0x00000006fb42c050,0x00000006fc300000)

Card table byte_map: [0x000000010ca5f000,0x000000010d289000] byte_map_base: 0x0000000109288000

Polling page: 0x0000000107dca000

Code Cache  [0x000000010999f000, 0x0000000109c0f000, 0x000000010c99f000)
 total_blobs=290 nmethods=22 adapters=231 free_code_cache=48661Kb largest_free_block=49816832

Compilation events (10 events):
Event: 0.273 Thread 0x00007fad2a801000 nmethod 18% 0x0000000109a10d10 code [0x0000000109a10ee0, 0x0000000109a11a08]
Event: 0.275 Thread 0x00007fad2a801000   19             java.lang.String::length (6 bytes)
Event: 0.276 Thread 0x00007fad2a801000 nmethod 19 0x0000000109a16050 code [0x0000000109a161a0, 0x0000000109a16238]
Event: 0.289 Thread 0x00007fad2d004000 nmethod 17 0x0000000109a1a790 code [0x0000000109a1a980, 0x0000000109a1bf80]
Event: 0.303 Thread 0x00007fad2a801000   20 %           com.mysql.jdbc.SingleByteCharsetConverter::<clinit> @ 58 (80 bytes)
Event: 0.306 Thread 0x00007fad2a801000 nmethod 20% 0x0000000109a09ad0 code [0x0000000109a09c40, 0x0000000109a09dd8]
Event: 0.327 Thread 0x00007fad2d004000   21             java.lang.String::replace (127 bytes)
Event: 0.337 Thread 0x00007fad2d004000 nmethod 21 0x0000000109a16e10 code [0x0000000109a16f80, 0x0000000109a17498]
Event: 0.367 Thread 0x00007fad2a801000   22             java.util.TreeMap::parentOf (13 bytes)
Event: 0.367 Thread 0x00007fad2a801000 nmethod 22 0x0000000109a17910 code [0x0000000109a17a40, 0x0000000109a17a98]

GC Heap History (0 events):
No events

Deoptimization events (4 events):
Event: 0.260 Thread 0x00007fad2a802000 Uncommon trap: reason=class_check action=maybe_recompile pc=0x0000000109a04fac method=java.util.Properties$LineReader.readLine()I @ 62
Event: 0.260 Thread 0x00007fad2a802000 Uncommon trap: reason=class_check action=maybe_recompile pc=0x0000000109a04fac method=java.util.Properties$LineReader.readLine()I @ 62
Event: 0.260 Thread 0x00007fad2a802000 Uncommon trap: reason=class_check action=maybe_recompile pc=0x0000000109a04fac method=java.util.Properties$LineReader.readLine()I @ 62
Event: 0.260 Thread 0x00007fad2a802000 Uncommon trap: reason=class_check action=maybe_recompile pc=0x0000000109a04fac method=java.util.Properties$LineReader.readLine()I @ 62

Internal exceptions (10 events):
Event: 0.340 Thread 0x00007fad2a802000 Threw 0x00000007ab333f30 at /HUDSON/workspace/7u-2-build-macosx-x86_64/jdk7u67/1368/hotspot/src/share/vm/prims/jvm.cpp:1244
Event: 0.340 Thread 0x00007fad2a802000 Threw 0x00000007ab339568 at /HUDSON/workspace/7u-2-build-macosx-x86_64/jdk7u67/1368/hotspot/src/share/vm/prims/jvm.cpp:1244
Event: 0.341 Thread 0x00007fad2a802000 Threw 0x00000007ab33f188 at /HUDSON/workspace/7u-2-build-macosx-x86_64/jdk7u67/1368/hotspot/src/share/vm/prims/jvm.cpp:1244
Event: 0.342 Thread 0x00007fad2a802000 Threw 0x00000007ab3444f0 at /HUDSON/workspace/7u-2-build-macosx-x86_64/jdk7u67/1368/hotspot/src/share/vm/prims/jvm.cpp:1244
Event: 0.342 Thread 0x00007fad2a802000 Threw 0x00000007ab34a040 at /HUDSON/workspace/7u-2-build-macosx-x86_64/jdk7u67/1368/hotspot/src/share/vm/prims/jvm.cpp:1244
Event: 0.344 Thread 0x00007fad2a802000 Threw 0x00000007ab34e540 at /HUDSON/workspace/7u-2-build-macosx-x86_64/jdk7u67/1368/hotspot/src/share/vm/prims/jvm.cpp:1244
Event: 0.355 Thread 0x00007fad2a802000 Threw 0x00000007ab385e68 at /HUDSON/workspace/7u-2-build-macosx-x86_64/jdk7u67/1368/hotspot/src/share/vm/prims/jvm.cpp:1244
Event: 0.357 Thread 0x00007fad2a802000 Threw 0x00000007ab39d960 at /HUDSON/workspace/7u-2-build-macosx-x86_64/jdk7u67/1368/hotspot/src/share/vm/prims/jvm.cpp:1244
Event: 0.358 Thread 0x00007fad2a802000 Threw 0x00000007ab3a3e58 at /HUDSON/workspace/7u-2-build-macosx-x86_64/jdk7u67/1368/hotspot/src/share/vm/prims/jvm.cpp:1244
Event: 21.656 Thread 0x00007fad2a802000 Threw 0x00000007ab3e38a0 at /HUDSON/workspace/7u-2-build-macosx-x86_64/jdk7u67/1368/hotspot/src/share/vm/prims/jvm.cpp:1244

Events (10 events):
Event: 2018.145 Executing VM operation: RedefineClasses
Event: 2018.145 Executing VM operation: RedefineClasses done
Event: 2283.449 Executing VM operation: RedefineClasses
Event: 2283.449 Executing VM operation: RedefineClasses done
Event: 2297.344 Executing VM operation: ChangeBreakpoints
Event: 2297.344 Executing VM operation: ChangeBreakpoints done
Event: 2481.129 Executing VM operation: ChangeBreakpoints
Event: 2481.129 Executing VM operation: ChangeBreakpoints done
Event: 2481.130 Executing VM operation: RedefineClasses
Event: 2481.131 Executing VM operation: RedefineClasses done


Dynamic libraries:
0x000000000514a000 	/System/Library/Frameworks/Cocoa.framework/Versions/A/Cocoa
0x000000000514a000 	/System/Library/Frameworks/Security.framework/Versions/A/Security
0x000000000514a000 	/System/Library/Frameworks/ApplicationServices.framework/Versions/A/ApplicationServices
0x000000000514a000 	/usr/lib/libz.1.dylib
0x000000000514a000 	/usr/lib/libSystem.B.dylib
0x000000000514a000 	/usr/lib/libobjc.A.dylib
0x000000000514a000 	/System/Library/Frameworks/CoreFoundation.framework/Versions/A/CoreFoundation
0x000000000514a000 	/System/Library/Frameworks/Foundation.framework/Versions/C/Foundation
0x000000000514a000 	/System/Library/Frameworks/AppKit.framework/Versions/C/AppKit
0x000000000514a000 	/System/Library/Frameworks/CoreData.framework/Versions/A/CoreData
0x000000000514a000 	/System/Library/PrivateFrameworks/RemoteViewServices.framework/Versions/A/RemoteViewServices
0x000000000514a000 	/System/Library/PrivateFrameworks/UIFoundation.framework/Versions/A/UIFoundation
0x000000000514a000 	/System/Library/Frameworks/IOSurface.framework/Versions/A/IOSurface
0x000000000514a000 	/System/Library/Frameworks/AudioToolbox.framework/Versions/A/AudioToolbox
0x000000000514a000 	/System/Library/Frameworks/AudioUnit.framework/Versions/A/AudioUnit
0x000000000514a000 	/System/Library/PrivateFrameworks/DataDetectorsCore.framework/Versions/A/DataDetectorsCore
0x000000000514a000 	/System/Library/PrivateFrameworks/DesktopServicesPriv.framework/Versions/A/DesktopServicesPriv
0x000000000514a000 	/System/Library/Frameworks/Carbon.framework/Versions/A/Frameworks/HIToolbox.framework/Versions/A/HIToolbox
0x000000000514a000 	/System/Library/Frameworks/QuartzCore.framework/Versions/A/QuartzCore
0x000000000514a000 	/System/Library/Frameworks/Carbon.framework/Versions/A/Frameworks/SpeechRecognition.framework/Versions/A/SpeechRecognition
0x000000000514a000 	/usr/lib/libauto.dylib
0x000000000514a000 	/usr/lib/libicucore.A.dylib
0x000000000514a000 	/usr/lib/libxml2.2.dylib
0x000000000514a000 	/System/Library/PrivateFrameworks/CoreUI.framework/Versions/A/CoreUI
0x000000000514a000 	/System/Library/Frameworks/CoreAudio.framework/Versions/A/CoreAudio
0x000000000514a000 	/System/Library/Frameworks/DiskArbitration.framework/Versions/A/DiskArbitration
0x000000000514a000 	/usr/lib/liblangid.dylib
0x000000000514a000 	/System/Library/PrivateFrameworks/MultitouchSupport.framework/Versions/A/MultitouchSupport
0x000000000514a000 	/System/Library/Frameworks/IOKit.framework/Versions/A/IOKit
0x000000000514a000 	/usr/lib/libDiagnosticMessagesClient.dylib
0x000000000514a000 	/System/Library/Frameworks/CoreServices.framework/Versions/A/CoreServices
0x000000000514a000 	/System/Library/PrivateFrameworks/PerformanceAnalysis.framework/Versions/A/PerformanceAnalysis
0x000000000514a000 	/System/Library/PrivateFrameworks/GenerationalStorage.framework/Versions/A/GenerationalStorage
0x000000000514a000 	/System/Library/Frameworks/OpenGL.framework/Versions/A/OpenGL
0x000000000514a000 	/System/Library/PrivateFrameworks/Sharing.framework/Versions/A/Sharing
0x000000000514a000 	/System/Library/Frameworks/CoreGraphics.framework/Versions/A/CoreGraphics
0x000000000514a000 	/System/Library/Frameworks/CoreText.framework/Versions/A/CoreText
0x000000000514a000 	/System/Library/Frameworks/ImageIO.framework/Versions/A/ImageIO
0x000000000514a000 	/usr/lib/libextension.dylib
0x000000000514a000 	/System/Library/PrivateFrameworks/Backup.framework/Versions/A/Backup
0x000000000514a000 	/usr/lib/libarchive.2.dylib
0x000000000514a000 	/System/Library/Frameworks/CFNetwork.framework/Versions/A/CFNetwork
0x000000000514a000 	/System/Library/Frameworks/SystemConfiguration.framework/Versions/A/SystemConfiguration
0x000000000514a000 	/usr/lib/libCRFSuite.dylib
0x000000000514a000 	/usr/lib/libc++.1.dylib
0x000000000514a000 	/usr/lib/libc++abi.dylib
0x000000000514a000 	/usr/lib/system/libcache.dylib
0x000000000514a000 	/usr/lib/system/libcommonCrypto.dylib
0x000000000514a000 	/usr/lib/system/libcompiler_rt.dylib
0x000000000514a000 	/usr/lib/system/libcopyfile.dylib
0x000000000514a000 	/usr/lib/system/libcorecrypto.dylib
0x000000000514a000 	/usr/lib/system/libdispatch.dylib
0x000000000514a000 	/usr/lib/system/libdyld.dylib
0x000000000514a000 	/usr/lib/system/libkeymgr.dylib
0x000000000514a000 	/usr/lib/system/liblaunch.dylib
0x000000000514a000 	/usr/lib/system/libmacho.dylib
0x000000000514a000 	/usr/lib/system/libquarantine.dylib
0x000000000514a000 	/usr/lib/system/libremovefile.dylib
0x000000000514a000 	/usr/lib/system/libsystem_asl.dylib
0x000000000514a000 	/usr/lib/system/libsystem_blocks.dylib
0x000000000514a000 	/usr/lib/system/libsystem_c.dylib
0x000000000514a000 	/usr/lib/system/libsystem_configuration.dylib
0x000000000514a000 	/usr/lib/system/libsystem_coreservices.dylib
0x000000000514a000 	/usr/lib/system/libsystem_coretls.dylib
0x000000000514a000 	/usr/lib/system/libsystem_dnssd.dylib
0x000000000514a000 	/usr/lib/system/libsystem_info.dylib
0x000000000514a000 	/usr/lib/system/libsystem_kernel.dylib
0x000000000514a000 	/usr/lib/system/libsystem_m.dylib
0x000000000514a000 	/usr/lib/system/libsystem_malloc.dylib
0x000000000514a000 	/usr/lib/system/libsystem_network.dylib
0x000000000514a000 	/usr/lib/system/libsystem_networkextension.dylib
0x000000000514a000 	/usr/lib/system/libsystem_notify.dylib
0x000000000514a000 	/usr/lib/system/libsystem_platform.dylib
0x000000000514a000 	/usr/lib/system/libsystem_pthread.dylib
0x000000000514a000 	/usr/lib/system/libsystem_sandbox.dylib
0x000000000514a000 	/usr/lib/system/libsystem_secinit.dylib
0x000000000514a000 	/usr/lib/system/libsystem_stats.dylib
0x000000000514a000 	/usr/lib/system/libsystem_trace.dylib
0x000000000514a000 	/usr/lib/system/libunc.dylib
0x000000000514a000 	/usr/lib/system/libunwind.dylib
0x000000000514a000 	/usr/lib/system/libxpc.dylib
0x000000000514a000 	/usr/lib/libbz2.1.0.dylib
0x000000000514a000 	/usr/lib/liblzma.5.dylib
0x000000000514a000 	/usr/lib/libbsm.0.dylib
0x000000000514a000 	/usr/lib/libsqlite3.dylib
0x000000000514a000 	/usr/lib/system/libkxld.dylib
0x000000000514a000 	/usr/lib/libxar.1.dylib
0x000000000514a000 	/usr/lib/libpam.2.dylib
0x000000000514a000 	/usr/lib/libOpenScriptingUtil.dylib
0x000000000514a000 	/System/Library/Frameworks/CoreServices.framework/Versions/A/Frameworks/FSEvents.framework/Versions/A/FSEvents
0x000000000514a000 	/System/Library/Frameworks/CoreServices.framework/Versions/A/Frameworks/CarbonCore.framework/Versions/A/CarbonCore
0x000000000514a000 	/System/Library/Frameworks/CoreServices.framework/Versions/A/Frameworks/Metadata.framework/Versions/A/Metadata
0x000000000514a000 	/System/Library/Frameworks/CoreServices.framework/Versions/A/Frameworks/OSServices.framework/Versions/A/OSServices
0x000000000514a000 	/System/Library/Frameworks/CoreServices.framework/Versions/A/Frameworks/SearchKit.framework/Versions/A/SearchKit
0x000000000514a000 	/System/Library/Frameworks/CoreServices.framework/Versions/A/Frameworks/AE.framework/Versions/A/AE
0x000000000514a000 	/System/Library/Frameworks/CoreServices.framework/Versions/A/Frameworks/LaunchServices.framework/Versions/A/LaunchServices
0x000000000514a000 	/System/Library/Frameworks/CoreServices.framework/Versions/A/Frameworks/DictionaryServices.framework/Versions/A/DictionaryServices
0x000000000514a000 	/System/Library/Frameworks/NetFS.framework/Versions/A/NetFS
0x000000000514a000 	/System/Library/PrivateFrameworks/NetAuth.framework/Versions/A/NetAuth
0x000000000514a000 	/System/Library/PrivateFrameworks/login.framework/Versions/A/Frameworks/loginsupport.framework/Versions/A/loginsupport
0x000000000514a000 	/System/Library/PrivateFrameworks/TCC.framework/Versions/A/TCC
0x000000000514a000 	/usr/lib/libmecabra.dylib
0x000000000514a000 	/System/Library/PrivateFrameworks/LanguageModeling.framework/Versions/A/LanguageModeling
0x000000000514a000 	/usr/lib/libcmph.dylib
0x000000000514a000 	/usr/lib/libiconv.2.dylib
0x000000000514a000 	/System/Library/Frameworks/OpenDirectory.framework/Versions/A/Frameworks/CFOpenDirectory.framework/Versions/A/CFOpenDirectory
0x000000000514a000 	/System/Library/Frameworks/ServiceManagement.framework/Versions/A/ServiceManagement
0x000000000514a000 	/usr/lib/libxslt.1.dylib
0x000000000514a000 	/System/Library/Frameworks/Carbon.framework/Versions/A/Frameworks/Ink.framework/Versions/A/Ink
0x000000000514a000 	/System/Library/Frameworks/ApplicationServices.framework/Versions/A/Frameworks/ATS.framework/Versions/A/ATS
0x000000000514a000 	/System/Library/Frameworks/ApplicationServices.framework/Versions/A/Frameworks/ColorSync.framework/Versions/A/ColorSync
0x000000000514a000 	/System/Library/Frameworks/ApplicationServices.framework/Versions/A/Frameworks/HIServices.framework/Versions/A/HIServices
0x000000000514a000 	/System/Library/Frameworks/ApplicationServices.framework/Versions/A/Frameworks/LangAnalysis.framework/Versions/A/LangAnalysis
0x000000000514a000 	/System/Library/Frameworks/ApplicationServices.framework/Versions/A/Frameworks/PrintCore.framework/Versions/A/PrintCore
0x000000000514a000 	/System/Library/Frameworks/ApplicationServices.framework/Versions/A/Frameworks/QD.framework/Versions/A/QD
0x000000000514a000 	/System/Library/Frameworks/ApplicationServices.framework/Versions/A/Frameworks/SpeechSynthesis.framework/Versions/A/SpeechSynthesis
0x000000000514a000 	/System/Library/Frameworks/Accelerate.framework/Versions/A/Accelerate
0x000000000514a000 	/System/Library/Frameworks/Accelerate.framework/Versions/A/Frameworks/vImage.framework/Versions/A/vImage
0x000000000514a000 	/System/Library/Frameworks/Accelerate.framework/Versions/A/Frameworks/vecLib.framework/Versions/A/vecLib
0x000000000514a000 	/System/Library/Frameworks/Accelerate.framework/Versions/A/Frameworks/vecLib.framework/Versions/A/libvDSP.dylib
0x000000000514a000 	/System/Library/Frameworks/Accelerate.framework/Versions/A/Frameworks/vecLib.framework/Versions/A/libvMisc.dylib
0x000000000514a000 	/System/Library/Frameworks/Accelerate.framework/Versions/A/Frameworks/vecLib.framework/Versions/A/libLAPACK.dylib
0x000000000514a000 	/System/Library/Frameworks/Accelerate.framework/Versions/A/Frameworks/vecLib.framework/Versions/A/libBLAS.dylib
0x000000000514a000 	/System/Library/Frameworks/Accelerate.framework/Versions/A/Frameworks/vecLib.framework/Versions/A/libLinearAlgebra.dylib
0x000000000514a000 	/System/Library/Frameworks/ApplicationServices.framework/Versions/A/Frameworks/ATS.framework/Versions/A/Resources/libFontParser.dylib
0x000000000514a000 	/System/Library/Frameworks/ApplicationServices.framework/Versions/A/Frameworks/ATS.framework/Versions/A/Resources/libFontRegistry.dylib
0x000000000514a000 	/System/Library/PrivateFrameworks/AppleVPA.framework/Versions/A/AppleVPA
0x000000000514a000 	/System/Library/PrivateFrameworks/AppleJPEG.framework/Versions/A/AppleJPEG
0x000000000514a000 	/System/Library/Frameworks/ImageIO.framework/Versions/A/Resources/libJPEG.dylib
0x000000000514a000 	/System/Library/Frameworks/ImageIO.framework/Versions/A/Resources/libTIFF.dylib
0x000000000514a000 	/System/Library/Frameworks/ImageIO.framework/Versions/A/Resources/libPng.dylib
0x000000000514a000 	/System/Library/Frameworks/ImageIO.framework/Versions/A/Resources/libGIF.dylib
0x000000000514a000 	/System/Library/Frameworks/ImageIO.framework/Versions/A/Resources/libJP2.dylib
0x000000000514a000 	/System/Library/Frameworks/ImageIO.framework/Versions/A/Resources/libRadiance.dylib
0x000000000514a000 	/System/Library/Frameworks/CoreVideo.framework/Versions/A/CoreVideo
0x000000000514a000 	/System/Library/Frameworks/OpenGL.framework/Versions/A/Libraries/libGLU.dylib
0x000000000514a000 	/System/Library/Frameworks/OpenGL.framework/Versions/A/Libraries/libGFXShared.dylib
0x000000000514a000 	/System/Library/Frameworks/OpenGL.framework/Versions/A/Libraries/libGL.dylib
0x000000000514a000 	/System/Library/Frameworks/OpenGL.framework/Versions/A/Libraries/libGLImage.dylib
0x000000000514a000 	/System/Library/Frameworks/OpenGL.framework/Versions/A/Libraries/libCVMSPluginSupport.dylib
0x000000000514a000 	/System/Library/Frameworks/OpenGL.framework/Versions/A/Libraries/libCoreVMClient.dylib
0x000000000514a000 	/usr/lib/libcups.2.dylib
0x000000000514a000 	/System/Library/Frameworks/Kerberos.framework/Versions/A/Kerberos
0x000000000514a000 	/System/Library/Frameworks/GSS.framework/Versions/A/GSS
0x000000000514a000 	/usr/lib/libresolv.9.dylib
0x000000000514a000 	/System/Library/PrivateFrameworks/Heimdal.framework/Versions/A/Heimdal
0x000000000514a000 	/usr/lib/libheimdal-asn1.dylib
0x000000000514a000 	/System/Library/Frameworks/OpenDirectory.framework/Versions/A/OpenDirectory
0x000000000514a000 	/System/Library/PrivateFrameworks/CommonAuth.framework/Versions/A/CommonAuth
0x000000000514a000 	/System/Library/Frameworks/SecurityFoundation.framework/Versions/A/SecurityFoundation
0x000000000514a000 	/System/Library/Frameworks/QuartzCore.framework/Versions/A/Frameworks/CoreImage.framework/Versions/A/CoreImage
0x000000000514a000 	/System/Library/PrivateFrameworks/CrashReporterSupport.framework/Versions/A/CrashReporterSupport
0x000000000514a000 	/System/Library/Frameworks/OpenCL.framework/Versions/A/OpenCL
0x000000000514a000 	/System/Library/PrivateFrameworks/FaceCore.framework/Versions/A/FaceCore
0x000000000514a000 	/System/Library/PrivateFrameworks/Ubiquity.framework/Versions/A/Ubiquity
0x000000000514a000 	/System/Library/PrivateFrameworks/IconServices.framework/Versions/A/IconServices
0x000000000514a000 	/System/Library/PrivateFrameworks/ChunkingLibrary.framework/Versions/A/ChunkingLibrary
0x000000000514a000 	/System/Library/PrivateFrameworks/Apple80211.framework/Versions/A/Apple80211
0x000000000514a000 	/System/Library/Frameworks/CoreWLAN.framework/Versions/A/CoreWLAN
0x000000000514a000 	/System/Library/Frameworks/IOBluetooth.framework/Versions/A/IOBluetooth
0x000000000514a000 	/System/Library/PrivateFrameworks/CoreWiFi.framework/Versions/A/CoreWiFi
0x000000000514a000 	/System/Library/Frameworks/CoreBluetooth.framework/Versions/A/CoreBluetooth
0x000000000514a000 	/System/Library/PrivateFrameworks/DebugSymbols.framework/Versions/A/DebugSymbols
0x000000000514a000 	/System/Library/PrivateFrameworks/CoreSymbolication.framework/Versions/A/CoreSymbolication
0x000000000514a000 	/System/Library/PrivateFrameworks/Symbolication.framework/Versions/A/Symbolication
0x000000000514a000 	/System/Library/PrivateFrameworks/SpeechRecognitionCore.framework/Versions/A/SpeechRecognitionCore
0x0000000108e00000 	/Library/Java/JavaVirtualMachines/jdk1.7.0_67.jdk/Contents/Home/jre/lib/server/libjvm.dylib
0x000000000514a000 	/usr/lib/libstdc++.6.dylib
0x0000000107d8d000 	/Library/Java/JavaVirtualMachines/jdk1.7.0_67.jdk/Contents/Home/jre/lib/libverify.dylib
0x0000000107d9a000 	/Library/Java/JavaVirtualMachines/jdk1.7.0_67.jdk/Contents/Home/jre/lib/libjava.dylib
0x0000000109962000 	/Library/Java/JavaVirtualMachines/jdk1.7.0_67.jdk/Contents/Home/jre/lib/libjdwp.dylib
0x0000000107dcb000 	/Library/Java/JavaVirtualMachines/jdk1.7.0_67.jdk/Contents/Home/jre/lib/libnpt.dylib
0x0000000107dd8000 	/Library/Java/JavaVirtualMachines/jdk1.7.0_67.jdk/Contents/Home/jre/lib/libzip.dylib
0x0000000107de2000 	/System/Library/Frameworks/JavaVM.framework/Frameworks/JavaRuntimeSupport.framework/JavaRuntimeSupport
0x0000000118d6b000 	/System/Library/Frameworks/JavaVM.framework/Versions/A/Frameworks/JavaNativeFoundation.framework/Versions/A/JavaNativeFoundation
0x0000000118d7f000 	/System/Library/Frameworks/JavaVM.framework/Versions/A/JavaVM
0x000000000514a000 	/System/Library/Frameworks/Carbon.framework/Versions/A/Carbon
0x0000000118d8b000 	/System/Library/PrivateFrameworks/JavaLaunching.framework/Versions/A/JavaLaunching
0x000000000514a000 	/System/Library/Frameworks/Carbon.framework/Versions/A/Frameworks/CommonPanels.framework/Versions/A/CommonPanels
0x000000000514a000 	/System/Library/Frameworks/Carbon.framework/Versions/A/Frameworks/Help.framework/Versions/A/Help
0x000000000514a000 	/System/Library/Frameworks/Carbon.framework/Versions/A/Frameworks/ImageCapture.framework/Versions/A/ImageCapture
0x000000000514a000 	/System/Library/Frameworks/Carbon.framework/Versions/A/Frameworks/OpenScripting.framework/Versions/A/OpenScripting
0x000000000514a000 	/System/Library/Frameworks/Carbon.framework/Versions/A/Frameworks/Print.framework/Versions/A/Print
0x000000000514a000 	/System/Library/Frameworks/Carbon.framework/Versions/A/Frameworks/SecurityHI.framework/Versions/A/SecurityHI
0x000000011a696000 	/Library/Java/JavaVirtualMachines/jdk1.7.0_67.jdk/Contents/Home/jre/lib/libdt_socket.dylib
0x000000011b05b000 	/Library/Java/JavaVirtualMachines/jdk1.7.0_67.jdk/Contents/Home/jre/lib/libnio.dylib
0x000000011b06a000 	/Library/Java/JavaVirtualMachines/jdk1.7.0_67.jdk/Contents/Home/jre/lib/./libnet.dylib

VM Arguments:
jvm_args: -agentlib:jdwp=transport=dt_socket,address=127.0.0.1:55811,suspend=y,server=n -Dfile.encoding=UTF-8 
java_command: Main
Launcher Type: SUN_STANDARD

Environment Variables:
JAVA_HOME=/Library/Java/JavaVirtualMachines/jdk1.7.0_67.jdk/Contents/Home
PATH=/usr/local/bin:/usr/bin:/bin:/usr/sbin:/sbin:/opt/X11/bin:/usr/local/sbin:/Applications/apache-maven-3.2.3/bin
SHELL=/bin/bash
DISPLAY=/private/tmp/com.apple.launchd.Szb1ndCXGp/org.macosforge.xquartz:0

Signal Handlers:
SIGSEGV: [libjvm.dylib+0x52b6c9], sa_mask[0]=0xfffefeff, sa_flags=0x00000043
SIGBUS: [libjvm.dylib+0x52b6c9], sa_mask[0]=0xfffefeff, sa_flags=0x00000042
SIGFPE: [libjvm.dylib+0x41deaa], sa_mask[0]=0xfffefeff, sa_flags=0x00000042
SIGPIPE: [libjvm.dylib+0x41deaa], sa_mask[0]=0xfffefeff, sa_flags=0x00000042
SIGXFSZ: [libjvm.dylib+0x41deaa], sa_mask[0]=0xfffefeff, sa_flags=0x00000042
SIGILL: [libjvm.dylib+0x41deaa], sa_mask[0]=0xfffefeff, sa_flags=0x00000042
SIGUSR1: SIG_DFL, sa_mask[0]=0x00000000, sa_flags=0x00000000
SIGUSR2: [libjvm.dylib+0x41d99c], sa_mask[0]=0x00000004, sa_flags=0x00000042
SIGHUP: [libjvm.dylib+0x41bc2d], sa_mask[0]=0xfffefeff, sa_flags=0x00000042
SIGINT: [libjvm.dylib+0x41bc2d], sa_mask[0]=0xfffefeff, sa_flags=0x00000042
SIGTERM: [libjvm.dylib+0x41bc2d], sa_mask[0]=0xfffefeff, sa_flags=0x00000042
SIGQUIT: [libjvm.dylib+0x41bc2d], sa_mask[0]=0xfffefeff, sa_flags=0x00000042


---------------  S Y S T E M  ---------------

OS:Bsduname:Darwin 14.0.0 Darwin Kernel Version 14.0.0: Fri Sep 19 00:26:44 PDT 2014; root:xnu-2782.1.97~2/RELEASE_X86_64 x86_64
rlimit: STACK 8192k, CORE 0k, NPROC 709, NOFILE 10240, AS infinity
load average:4.27 4.18 3.58

CPU:total 8 (4 cores per cpu, 2 threads per core) family 6 model 70 stepping 1, cmov, cx8, fxsr, mmx, sse, sse2, sse3, ssse3, sse4.1, sse4.2, popcnt, avx, avx2, aes, erms, ht, tsc, tscinvbit

Memory: 4k page, physical 16777216k(4194304k free)

/proc/meminfo:


vm_info: Java HotSpot(TM) 64-Bit Server VM (24.65-b04) for bsd-amd64 JRE (1.7.0_67-b01), built on Jul 25 2014 08:51:51 by "java_re" with gcc 4.2.1 (Based on Apple Inc. build 5658) (LLVM build 2336.11.00)

time: Tue Apr 21 12:23:31 2015
elapsed time: 2481 seconds

